<?xml version="1.0" encoding="UTF-8"?>
<!-- Generated by org.testng.reporters.JUnitReportReporter -->
<testsuite skipped="0" hostname="DESKTOP-J04BNLD" name="testSuites.TestWithPOM" tests="1" failures="0" timestamp="16 八月 2018 03:41:42 GMT" time="3.370" errors="0">
  <testcase name="testLogin" time="3.370" classname="testSuites.TestWithPOM"/>
</testsuite> <!-- testSuites.TestWithPOM -->
